# JRE version: Java(TM) SE Runtime Environment (8.0_05-b13) (build 1.8.0_05-b13)
# Java VM: Java HotSpot(TM) 64-Bit Server VM (25.5-b02 mixed mode bsd-amd64 compressed oops)
Heap:
 PSYoungGen      total 10752K, used 6172K [0x000000076ab00000, 0x000000076b680000, 0x00000007c0000000)
  eden space 10240K, 58% used [0x000000076ab00000,0x000000076b0df350,0x000000076b500000)
  from space 512K, 31% used [0x000000076b580000,0x000000076b5a8000,0x000000076b600000)
  to   space 512K, 0% used [0x000000076b600000,0x000000076b600000,0x000000076b680000)
 ParOldGen       total 260608K, used 83036K [0x00000006c0000000, 0x00000006cfe80000, 0x000000076ab00000)
  object space 260608K, 31% used [0x00000006c0000000,0x00000006c5117390,0x00000006cfe80000)
 Metaspace       used 8000K, capacity 8092K, committed 8192K, reserved 1056768K
  class space    used 943K, capacity 976K, committed 1024K, reserved 1048576K
GC Heap History (10 events):
Event: 710.572 GC heap before
{Heap before GC invocations=2319 (full 0):
 PSYoungGen      total 10752K, used 10464K [0x000000076ab00000, 0x000000076b680000, 0x00000007c0000000)
  eden space 10240K, 100% used [0x000000076ab00000,0x000000076b500000,0x000000076b500000)
  from space 512K, 43% used [0x000000076b600000,0x000000076b638000,0x000000076b680000)
  to   space 512K, 0% used [0x000000076b580000,0x000000076b580000,0x000000076b600000)
 ParOldGen       total 260608K, used 82876K [0x00000006c0000000, 0x00000006cfe80000, 0x000000076ab00000)
  object space 260608K, 31% used [0x00000006c0000000,0x00000006c50ef390,0x00000006cfe80000)
 Metaspace       used 8000K, capacity 8092K, committed 8192K, reserved 1056768K
  class space    used 943K, capacity 976K, committed 1024K, reserved 1048576K
Event: 710.573 GC heap after
Heap after GC invocations=2319 (full 0):
 PSYoungGen      total 10752K, used 128K [0x000000076ab00000, 0x000000076b680000, 0x00000007c0000000)
  eden space 10240K, 0% used [0x000000076ab00000,0x000000076ab00000,0x000000076b500000)
  from space 512K, 25% used [0x000000076b580000,0x000000076b5a0000,0x000000076b600000)
  to   space 512K, 0% used [0x000000076b600000,0x000000076b600000,0x000000076b680000)
 ParOldGen       total 260608K, used 82900K [0x00000006c0000000, 0x00000006cfe80000, 0x000000076ab00000)
  object space 260608K, 31% used [0x00000006c0000000,0x00000006c50f5390,0x00000006cfe80000)
 Metaspace       used 8000K, capacity 8092K, committed 8192K, reserved 1056768K
  class space    used 943K, capacity 976K, committed 1024K, reserved 1048576K
}
Event: 710.918 GC heap before
{Heap before GC invocations=2320 (full 0):
 PSYoungGen      total 10752K, used 10368K [0x000000076ab00000, 0x000000076b680000, 0x00000007c0000000)
  eden space 10240K, 100% used [0x000000076ab00000,0x000000076b500000,0x000000076b500000)
  from space 512K, 25% used [0x000000076b580000,0x000000076b5a0000,0x000000076b600000)
  to   space 512K, 0% used [0x000000076b600000,0x000000076b600000,0x000000076b680000)
 ParOldGen       total 260608K, used 82900K [0x00000006c0000000, 0x00000006cfe80000, 0x000000076ab00000)
  object space 260608K, 31% used [0x00000006c0000000,0x00000006c50f5390,0x00000006cfe80000)
 Metaspace       used 8000K, capacity 8092K, committed 8192K, reserved 1056768K
  class space    used 943K, capacity 976K, committed 1024K, reserved 1048576K
Event: 710.919 GC heap after
Heap after GC invocations=2320 (full 0):
 PSYoungGen      total 10752K, used 256K [0x000000076ab00000, 0x000000076b680000, 0x00000007c0000000)
  eden space 10240K, 0% used [0x000000076ab00000,0x000000076ab00000,0x000000076b500000)
  from space 512K, 50% used [0x000000076b600000,0x000000076b640000,0x000000076b680000)
  to   space 512K, 0% used [0x000000076b580000,0x000000076b580000,0x000000076b600000)
 ParOldGen       total 260608K, used 82948K [0x00000006c0000000, 0x00000006cfe80000, 0x000000076ab00000)
  object space 260608K, 31% used [0x00000006c0000000,0x00000006c5101390,0x00000006cfe80000)
 Metaspace       used 8000K, capacity 8092K, committed 8192K, reserved 1056768K
  class space    used 943K, capacity 976K, committed 1024K, reserved 1048576K
}
Event: 711.287 GC heap before
{Heap before GC invocations=2321 (full 0):
 PSYoungGen      total 10752K, used 10496K [0x000000076ab00000, 0x000000076b680000, 0x00000007c0000000)
  eden space 10240K, 100% used [0x000000076ab00000,0x000000076b500000,0x000000076b500000)
  from space 512K, 50% used [0x000000076b600000,0x000000076b640000,0x000000076b680000)
  to   space 512K, 0% used [0x000000076b580000,0x000000076b580000,0x000000076b600000)
 ParOldGen       total 260608K, used 82948K [0x00000006c0000000, 0x00000006cfe80000, 0x000000076ab00000)
  object space 260608K, 31% used [0x00000006c0000000,0x00000006c5101390,0x00000006cfe80000)
 Metaspace       used 8000K, capacity 8092K, committed 8192K, reserved 1056768K
  class space    used 943K, capacity 976K, committed 1024K, reserved 1048576K
Event: 711.288 GC heap after
Heap after GC invocations=2321 (full 0):
 PSYoungGen      total 10752K, used 128K [0x000000076ab00000, 0x000000076b680000, 0x00000007c0000000)
  eden space 10240K, 0% used [0x000000076ab00000,0x000000076ab00000,0x000000076b500000)
  from space 512K, 25% used [0x000000076b580000,0x000000076b5a0000,0x000000076b600000)
  to   space 512K, 0% used [0x000000076b600000,0x000000076b600000,0x000000076b680000)
 ParOldGen       total 260608K, used 82972K [0x00000006c0000000, 0x00000006cfe80000, 0x000000076ab00000)
  object space 260608K, 31% used [0x00000006c0000000,0x00000006c5107390,0x00000006cfe80000)
 Metaspace       used 8000K, capacity 8092K, committed 8192K, reserved 1056768K
  class space    used 943K, capacity 976K, committed 1024K, reserved 1048576K
}
Event: 711.641 GC heap before
{Heap before GC invocations=2322 (full 0):
 PSYoungGen      total 10752K, used 10368K [0x000000076ab00000, 0x000000076b680000, 0x00000007c0000000)
  eden space 10240K, 100% used [0x000000076ab00000,0x000000076b500000,0x000000076b500000)
  from space 512K, 25% used [0x000000076b580000,0x000000076b5a0000,0x000000076b600000)
  to   space 512K, 0% used [0x000000076b600000,0x000000076b600000,0x000000076b680000)
 ParOldGen       total 260608K, used 82972K [0x00000006c0000000, 0x00000006cfe80000, 0x000000076ab00000)
  object space 260608K, 31% used [0x00000006c0000000,0x00000006c5107390,0x00000006cfe80000)
 Metaspace       used 8000K, capacity 8092K, committed 8192K, reserved 1056768K
  class space    used 943K, capacity 976K, committed 1024K, reserved 1048576K
Event: 711.642 GC heap after
Heap after GC invocations=2322 (full 0):
 PSYoungGen      total 10752K, used 192K [0x000000076ab00000, 0x000000076b680000, 0x00000007c0000000)
  eden space 10240K, 0% used [0x000000076ab00000,0x000000076ab00000,0x000000076b500000)
  from space 512K, 37% used [0x000000076b600000,0x000000076b630000,0x000000076b680000)
  to   space 512K, 0% used [0x000000076b580000,0x000000076b580000,0x000000076b600000)
 ParOldGen       total 260608K, used 83004K [0x00000006c0000000, 0x00000006cfe80000, 0x000000076ab00000)
  object space 260608K, 31% used [0x00000006c0000000,0x00000006c510f390,0x00000006cfe80000)
 Metaspace       used 8000K, capacity 8092K, committed 8192K, reserved 1056768K
  class space    used 943K, capacity 976K, committed 1024K, reserved 1048576K
}
Event: 711.988 GC heap before
{Heap before GC invocations=2323 (full 0):
 PSYoungGen      total 10752K, used 10432K [0x000000076ab00000, 0x000000076b680000, 0x00000007c0000000)
  eden space 10240K, 100% used [0x000000076ab00000,0x000000076b500000,0x000000076b500000)
  from space 512K, 37% used [0x000000076b600000,0x000000076b630000,0x000000076b680000)
  to   space 512K, 0% used [0x000000076b580000,0x000000076b580000,0x000000076b600000)
 ParOldGen       total 260608K, used 83004K [0x00000006c0000000, 0x00000006cfe80000, 0x000000076ab00000)
  object space 260608K, 31% used [0x00000006c0000000,0x00000006c510f390,0x00000006cfe80000)
 Metaspace       used 8000K, capacity 8092K, committed 8192K, reserved 1056768K
  class space    used 943K, capacity 976K, committed 1024K, reserved 1048576K
Event: 711.989 GC heap after
Heap after GC invocations=2323 (full 0):
 PSYoungGen      total 10752K, used 160K [0x000000076ab00000, 0x000000076b680000, 0x00000007c0000000)
  eden space 10240K, 0% used [0x000000076ab00000,0x000000076ab00000,0x000000076b500000)
  from space 512K, 31% used [0x000000076b580000,0x000000076b5a8000,0x000000076b600000)
  to   space 512K, 0% used [0x000000076b600000,0x000000076b600000,0x000000076b680000)
 ParOldGen       total 260608K, used 83036K [0x00000006c0000000, 0x00000006cfe80000, 0x000000076ab00000)
  object space 260608K, 31% used [0x00000006c0000000,0x00000006c5117390,0x00000006cfe80000)
 Metaspace       used 8000K, capacity 8092K, committed 8192K, reserved 1056768K
  class space    used 943K, capacity 976K, committed 1024K, reserved 1048576K
}

