# JRE version: Java(TM) SE Runtime Environment (8.0_05-b13) (build 1.8.0_05-b13)
# Java VM: Java HotSpot(TM) 64-Bit Server VM (25.5-b02 mixed mode bsd-amd64 compressed oops)
Heap:
 PSYoungGen      total 1057280K, used 105524K [0x000000076ab00000, 0x00000007c0000000, 0x00000007c0000000)
  eden space 729600K, 14% used [0x000000076ab00000,0x000000077120d038,0x0000000797380000)
  from space 327680K, 0% used [0x0000000797380000,0x0000000797380000,0x00000007ab380000)
  to   space 340480K, 0% used [0x00000007ab380000,0x00000007ab380000,0x00000007c0000000)
 ParOldGen       total 1846784K, used 1700211K [0x00000006c0000000, 0x0000000730b80000, 0x000000076ab00000)
  object space 1846784K, 92% used [0x00000006c0000000,0x0000000727c5cda0,0x0000000730b80000)
 Metaspace       used 8179K, capacity 8278K, committed 8448K, reserved 1056768K
  class space    used 972K, capacity 1011K, committed 1024K, reserved 1048576K
GC Heap History (10 events):
Event: 2196.426 GC heap before
{Heap before GC invocations=71 (full 16):
 PSYoungGen      total 1066496K, used 806926K [0x000000076ab00000, 0x00000007c0000000, 0x00000007c0000000)
  eden space 728576K, 100% used [0x000000076ab00000,0x0000000797280000,0x0000000797280000)
  from space 337920K, 23% used [0x00000007ab600000,0x00000007b0283a48,0x00000007c0000000)
  to   space 331264K, 0% used [0x0000000797280000,0x0000000797280000,0x00000007ab600000)
 ParOldGen       total 1698816K, used 1566157K [0x00000006c0000000, 0x0000000727b00000, 0x000000076ab00000)
  object space 1698816K, 92% used [0x00000006c0000000,0x000000071f973738,0x0000000727b00000)
 Metaspace       used 8157K, capacity 8278K, committed 8448K, reserved 1056768K
  class space    used 968K, capacity 1011K, committed 1024K, reserved 1048576K
Event: 2215.992 GC heap after
Heap after GC invocations=71 (full 16):
 PSYoungGen      total 922624K, used 193561K [0x000000076ab00000, 0x00000007bf480000, 0x00000007c0000000)
  eden space 728576K, 0% used [0x000000076ab00000,0x000000076ab00000,0x0000000797280000)
  from space 194048K, 99% used [0x0000000797280000,0x00000007a2f864c8,0x00000007a3000000)
  to   space 328704K, 0% used [0x00000007ab380000,0x00000007ab380000,0x00000007bf480000)
 ParOldGen       total 1698816K, used 1644853K [0x00000006c0000000, 0x0000000727b00000, 0x000000076ab00000)
  object space 1698816K, 96% used [0x00000006c0000000,0x000000072464d738,0x0000000727b00000)
 Metaspace       used 8157K, capacity 8278K, committed 8448K, reserved 1056768K
  class space    used 968K, capacity 1011K, committed 1024K, reserved 1048576K
}
Event: 2215.992 GC heap before
{Heap before GC invocations=72 (full 17):
 PSYoungGen      total 922624K, used 193561K [0x000000076ab00000, 0x00000007bf480000, 0x00000007c0000000)
  eden space 728576K, 0% used [0x000000076ab00000,0x000000076ab00000,0x0000000797280000)
  from space 194048K, 99% used [0x0000000797280000,0x00000007a2f864c8,0x00000007a3000000)
  to   space 328704K, 0% used [0x00000007ab380000,0x00000007ab380000,0x00000007bf480000)
 ParOldGen       total 1698816K, used 1644853K [0x00000006c0000000, 0x0000000727b00000, 0x000000076ab00000)
  object space 1698816K, 96% used [0x00000006c0000000,0x000000072464d738,0x0000000727b00000)
 Metaspace       used 8157K, capacity 8278K, committed 8448K, reserved 1056768K
  class space    used 968K, capacity 1011K, committed 1024K, reserved 1048576K
Event: 2262.006 GC heap after
Heap after GC invocations=72 (full 17):
 PSYoungGen      total 922624K, used 0K [0x000000076ab00000, 0x00000007bf480000, 0x00000007c0000000)
  eden space 728576K, 0% used [0x000000076ab00000,0x000000076ab00000,0x0000000797280000)
  from space 194048K, 0% used [0x0000000797280000,0x0000000797280000,0x00000007a3000000)
  to   space 328704K, 0% used [0x00000007ab380000,0x00000007ab380000,0x00000007bf480000)
 ParOldGen       total 1755648K, used 1612801K [0x00000006c0000000, 0x000000072b280000, 0x000000076ab00000)
  object space 1755648K, 91% used [0x00000006c0000000,0x00000007227007b8,0x000000072b280000)
 Metaspace       used 8157K, capacity 8278K, committed 8448K, reserved 1056768K
  class space    used 968K, capacity 1011K, committed 1024K, reserved 1048576K
}
Event: 2267.909 GC heap before
{Heap before GC invocations=73 (full 17):
 PSYoungGen      total 922624K, used 728576K [0x000000076ab00000, 0x00000007bf480000, 0x00000007c0000000)
  eden space 728576K, 100% used [0x000000076ab00000,0x0000000797280000,0x0000000797280000)
  from space 194048K, 0% used [0x0000000797280000,0x0000000797280000,0x00000007a3000000)
  to   space 328704K, 0% used [0x00000007ab380000,0x00000007ab380000,0x00000007bf480000)
 ParOldGen       total 1755648K, used 1612801K [0x00000006c0000000, 0x000000072b280000, 0x000000076ab00000)
  object space 1755648K, 91% used [0x00000006c0000000,0x00000007227007b8,0x000000072b280000)
 Metaspace       used 8164K, capacity 8278K, committed 8448K, reserved 1056768K
  class space    used 969K, capacity 1011K, committed 1024K, reserved 1048576K
Event: 2276.560 GC heap after
Heap after GC invocations=73 (full 17):
 PSYoungGen      total 1058304K, used 199535K [0x000000076ab00000, 0x00000007c0000000, 0x00000007c0000000)
  eden space 729600K, 0% used [0x000000076ab00000,0x000000076ab00000,0x0000000797380000)
  from space 328704K, 60% used [0x00000007ab380000,0x00000007b765bd50,0x00000007bf480000)
  to   space 327680K, 0% used [0x0000000797380000,0x0000000797380000,0x00000007ab380000)
 ParOldGen       total 1755648K, used 1612809K [0x00000006c0000000, 0x000000072b280000, 0x000000076ab00000)
  object space 1755648K, 91% used [0x00000006c0000000,0x00000007227027b8,0x000000072b280000)
 Metaspace       used 8164K, capacity 8278K, committed 8448K, reserved 1056768K
  class space    used 969K, capacity 1011K, committed 1024K, reserved 1048576K
}
Event: 2281.604 GC heap before
{Heap before GC invocations=74 (full 17):
 PSYoungGen      total 1058304K, used 929135K [0x000000076ab00000, 0x00000007c0000000, 0x00000007c0000000)
  eden space 729600K, 100% used [0x000000076ab00000,0x0000000797380000,0x0000000797380000)
  from space 328704K, 60% used [0x00000007ab380000,0x00000007b765bd50,0x00000007bf480000)
  to   space 327680K, 0% used [0x0000000797380000,0x0000000797380000,0x00000007ab380000)
 ParOldGen       total 1755648K, used 1612809K [0x00000006c0000000, 0x000000072b280000, 0x000000076ab00000)
  object space 1755648K, 91% used [0x00000006c0000000,0x00000007227027b8,0x000000072b280000)
 Metaspace       used 8164K, capacity 8278K, committed 8448K, reserved 1056768K
  class space    used 969K, capacity 1011K, committed 1024K, reserved 1048576K
Event: 2290.237 GC heap after
Heap after GC invocations=74 (full 17):
 PSYoungGen      total 1057280K, used 327650K [0x000000076ab00000, 0x00000007c0000000, 0x00000007c0000000)
  eden space 729600K, 0% used [0x000000076ab00000,0x000000076ab00000,0x0000000797380000)
  from space 327680K, 99% used [0x0000000797380000,0x00000007ab378a00,0x00000007ab380000)
  to   space 340480K, 0% used [0x00000007ab380000,0x00000007ab380000,0x00000007c0000000)
 ParOldGen       total 1755648K, used 1674369K [0x00000006c0000000, 0x000000072b280000, 0x000000076ab00000)
  object space 1755648K, 95% used [0x00000006c0000000,0x00000007263207b8,0x000000072b280000)
 Metaspace       used 8164K, capacity 8278K, committed 8448K, reserved 1056768K
  class space    used 969K, capacity 1011K, committed 1024K, reserved 1048576K
}
Event: 2290.237 GC heap before
{Heap before GC invocations=75 (full 18):
 PSYoungGen      total 1057280K, used 327650K [0x000000076ab00000, 0x00000007c0000000, 0x00000007c0000000)
  eden space 729600K, 0% used [0x000000076ab00000,0x000000076ab00000,0x0000000797380000)
  from space 327680K, 99% used [0x0000000797380000,0x00000007ab378a00,0x00000007ab380000)
  to   space 340480K, 0% used [0x00000007ab380000,0x00000007ab380000,0x00000007c0000000)
 ParOldGen       total 1755648K, used 1674369K [0x00000006c0000000, 0x000000072b280000, 0x000000076ab00000)
  object space 1755648K, 95% used [0x00000006c0000000,0x00000007263207b8,0x000000072b280000)
 Metaspace       used 8164K, capacity 8278K, committed 8448K, reserved 1056768K
  class space    used 969K, capacity 1011K, committed 1024K, reserved 1048576K
Event: 2334.304 GC heap after
Heap after GC invocations=75 (full 18):
 PSYoungGen      total 1057280K, used 0K [0x000000076ab00000, 0x00000007c0000000, 0x00000007c0000000)
  eden space 729600K, 0% used [0x000000076ab00000,0x000000076ab00000,0x0000000797380000)
  from space 327680K, 0% used [0x0000000797380000,0x0000000797380000,0x00000007ab380000)
  to   space 340480K, 0% used [0x00000007ab380000,0x00000007ab380000,0x00000007c0000000)
 ParOldGen       total 1846784K, used 1700211K [0x00000006c0000000, 0x0000000730b80000, 0x000000076ab00000)
  object space 1846784K, 92% used [0x00000006c0000000,0x0000000727c5cda0,0x0000000730b80000)
 Metaspace       used 8164K, capacity 8278K, committed 8448K, reserved 1056768K
  class space    used 969K, capacity 1011K, committed 1024K, reserved 1048576K
}

