# JRE version: Java(TM) SE Runtime Environment (8.0_05-b13) (build 1.8.0_05-b13)
# Java VM: Java HotSpot(TM) 64-Bit Server VM (25.5-b02 mixed mode bsd-amd64 compressed oops)
Heap:
 PSYoungGen      total 7680K, used 3681K [0x000000076ab00000, 0x000000076b680000, 0x00000007c0000000)
  eden space 6656K, 51% used [0x000000076ab00000,0x000000076ae586d0,0x000000076b180000)
  from space 1024K, 25% used [0x000000076b480000,0x000000076b4c0000,0x000000076b580000)
  to   space 1024K, 0% used [0x000000076b580000,0x000000076b580000,0x000000076b680000)
 ParOldGen       total 260608K, used 1547K [0x00000006c0000000, 0x00000006cfe80000, 0x000000076ab00000)
  object space 260608K, 0% used [0x00000006c0000000,0x00000006c0182fb0,0x00000006cfe80000)
 Metaspace       used 4740K, capacity 5204K, committed 5504K, reserved 1056768K
  class space    used 560K, capacity 592K, committed 640K, reserved 1048576K
GC Heap History (10 events):
Event: 8.815 GC heap before
{Heap before GC invocations=11 (full 0):
 PSYoungGen      total 7680K, used 6912K [0x000000076ab00000, 0x000000076b380000, 0x00000007c0000000)
  eden space 6656K, 100% used [0x000000076ab00000,0x000000076b180000,0x000000076b180000)
  from space 1024K, 25% used [0x000000076b280000,0x000000076b2c0000,0x000000076b380000)
  to   space 1024K, 0% used [0x000000076b180000,0x000000076b180000,0x000000076b280000)
 ParOldGen       total 260608K, used 1235K [0x00000006c0000000, 0x00000006cfe80000, 0x000000076ab00000)
  object space 260608K, 0% used [0x00000006c0000000,0x00000006c0134fb0,0x00000006cfe80000)
 Metaspace       used 4680K, capacity 5140K, committed 5248K, reserved 1056768K
  class space    used 557K, capacity 592K, committed 640K, reserved 1048576K
Event: 8.815 GC heap after
Heap after GC invocations=11 (full 0):
 PSYoungGen      total 7680K, used 256K [0x000000076ab00000, 0x000000076b780000, 0x00000007c0000000)
  eden space 6656K, 0% used [0x000000076ab00000,0x000000076ab00000,0x000000076b180000)
  from space 1024K, 25% used [0x000000076b180000,0x000000076b1c0000,0x000000076b280000)
  to   space 1024K, 0% used [0x000000076b680000,0x000000076b680000,0x000000076b780000)
 ParOldGen       total 260608K, used 1299K [0x00000006c0000000, 0x00000006cfe80000, 0x000000076ab00000)
  object space 260608K, 0% used [0x00000006c0000000,0x00000006c0144fb0,0x00000006cfe80000)
 Metaspace       used 4680K, capacity 5140K, committed 5248K, reserved 1056768K
  class space    used 557K, capacity 592K, committed 640K, reserved 1048576K
}
Event: 9.976 GC heap before
{Heap before GC invocations=12 (full 0):
 PSYoungGen      total 7680K, used 6912K [0x000000076ab00000, 0x000000076b780000, 0x00000007c0000000)
  eden space 6656K, 100% used [0x000000076ab00000,0x000000076b180000,0x000000076b180000)
  from space 1024K, 25% used [0x000000076b180000,0x000000076b1c0000,0x000000076b280000)
  to   space 1024K, 0% used [0x000000076b680000,0x000000076b680000,0x000000076b780000)
 ParOldGen       total 260608K, used 1299K [0x00000006c0000000, 0x00000006cfe80000, 0x000000076ab00000)
  object space 260608K, 0% used [0x00000006c0000000,0x00000006c0144fb0,0x00000006cfe80000)
 Metaspace       used 4680K, capacity 5140K, committed 5248K, reserved 1056768K
  class space    used 557K, capacity 592K, committed 640K, reserved 1048576K
Event: 9.977 GC heap after
Heap after GC invocations=12 (full 0):
 PSYoungGen      total 7168K, used 256K [0x000000076ab00000, 0x000000076b700000, 0x00000007c0000000)
  eden space 6656K, 0% used [0x000000076ab00000,0x000000076ab00000,0x000000076b180000)
  from space 512K, 50% used [0x000000076b680000,0x000000076b6c0000,0x000000076b700000)
  to   space 1024K, 0% used [0x000000076b500000,0x000000076b500000,0x000000076b600000)
 ParOldGen       total 260608K, used 1363K [0x00000006c0000000, 0x00000006cfe80000, 0x000000076ab00000)
  object space 260608K, 0% used [0x00000006c0000000,0x00000006c0154fb0,0x00000006cfe80000)
 Metaspace       used 4680K, capacity 5140K, committed 5248K, reserved 1056768K
  class space    used 557K, capacity 592K, committed 640K, reserved 1048576K
}
Event: 10.487 GC heap before
{Heap before GC invocations=13 (full 0):
 PSYoungGen      total 7168K, used 6912K [0x000000076ab00000, 0x000000076b700000, 0x00000007c0000000)
  eden space 6656K, 100% used [0x000000076ab00000,0x000000076b180000,0x000000076b180000)
  from space 512K, 50% used [0x000000076b680000,0x000000076b6c0000,0x000000076b700000)
  to   space 1024K, 0% used [0x000000076b500000,0x000000076b500000,0x000000076b600000)
 ParOldGen       total 260608K, used 1363K [0x00000006c0000000, 0x00000006cfe80000, 0x000000076ab00000)
  object space 260608K, 0% used [0x00000006c0000000,0x00000006c0154fb0,0x00000006cfe80000)
 Metaspace       used 4680K, capacity 5140K, committed 5248K, reserved 1056768K
  class space    used 557K, capacity 592K, committed 640K, reserved 1048576K
Event: 10.487 GC heap after
Heap after GC invocations=13 (full 0):
 PSYoungGen      total 7680K, used 256K [0x000000076ab00000, 0x000000076b700000, 0x00000007c0000000)
  eden space 6656K, 0% used [0x000000076ab00000,0x000000076ab00000,0x000000076b180000)
  from space 1024K, 25% used [0x000000076b500000,0x000000076b540000,0x000000076b600000)
  to   space 1024K, 0% used [0x000000076b600000,0x000000076b600000,0x000000076b700000)
 ParOldGen       total 260608K, used 1419K [0x00000006c0000000, 0x00000006cfe80000, 0x000000076ab00000)
  object space 260608K, 0% used [0x00000006c0000000,0x00000006c0162fb0,0x00000006cfe80000)
 Metaspace       used 4680K, capacity 5140K, committed 5248K, reserved 1056768K
  class space    used 557K, capacity 592K, committed 640K, reserved 1048576K
}
Event: 11.572 GC heap before
{Heap before GC invocations=14 (full 0):
 PSYoungGen      total 7680K, used 6912K [0x000000076ab00000, 0x000000076b700000, 0x00000007c0000000)
  eden space 6656K, 100% used [0x000000076ab00000,0x000000076b180000,0x000000076b180000)
  from space 1024K, 25% used [0x000000076b500000,0x000000076b540000,0x000000076b600000)
  to   space 1024K, 0% used [0x000000076b600000,0x000000076b600000,0x000000076b700000)
 ParOldGen       total 260608K, used 1419K [0x00000006c0000000, 0x00000006cfe80000, 0x000000076ab00000)
  object space 260608K, 0% used [0x00000006c0000000,0x00000006c0162fb0,0x00000006cfe80000)
 Metaspace       used 4680K, capacity 5140K, committed 5248K, reserved 1056768K
  class space    used 557K, capacity 592K, committed 640K, reserved 1048576K
Event: 11.573 GC heap after
Heap after GC invocations=14 (full 0):
 PSYoungGen      total 7168K, used 256K [0x000000076ab00000, 0x000000076b680000, 0x00000007c0000000)
  eden space 6656K, 0% used [0x000000076ab00000,0x000000076ab00000,0x000000076b180000)
  from space 512K, 50% used [0x000000076b600000,0x000000076b640000,0x000000076b680000)
  to   space 1024K, 0% used [0x000000076b480000,0x000000076b480000,0x000000076b580000)
 ParOldGen       total 260608K, used 1491K [0x00000006c0000000, 0x00000006cfe80000, 0x000000076ab00000)
  object space 260608K, 0% used [0x00000006c0000000,0x00000006c0174fb0,0x00000006cfe80000)
 Metaspace       used 4680K, capacity 5140K, committed 5248K, reserved 1056768K
  class space    used 557K, capacity 592K, committed 640K, reserved 1048576K
}
Event: 13.184 GC heap before
{Heap before GC invocations=15 (full 0):
 PSYoungGen      total 7168K, used 6912K [0x000000076ab00000, 0x000000076b680000, 0x00000007c0000000)
  eden space 6656K, 100% used [0x000000076ab00000,0x000000076b180000,0x000000076b180000)
  from space 512K, 50% used [0x000000076b600000,0x000000076b640000,0x000000076b680000)
  to   space 1024K, 0% used [0x000000076b480000,0x000000076b480000,0x000000076b580000)
 ParOldGen       total 260608K, used 1491K [0x00000006c0000000, 0x00000006cfe80000, 0x000000076ab00000)
  object space 260608K, 0% used [0x00000006c0000000,0x00000006c0174fb0,0x00000006cfe80000)
 Metaspace       used 4680K, capacity 5140K, committed 5248K, reserved 1056768K
  class space    used 557K, capacity 592K, committed 640K, reserved 1048576K
Event: 13.185 GC heap after
Heap after GC invocations=15 (full 0):
 PSYoungGen      total 7680K, used 256K [0x000000076ab00000, 0x000000076b680000, 0x00000007c0000000)
  eden space 6656K, 0% used [0x000000076ab00000,0x000000076ab00000,0x000000076b180000)
  from space 1024K, 25% used [0x000000076b480000,0x000000076b4c0000,0x000000076b580000)
  to   space 1024K, 0% used [0x000000076b580000,0x000000076b580000,0x000000076b680000)
 ParOldGen       total 260608K, used 1547K [0x00000006c0000000, 0x00000006cfe80000, 0x000000076ab00000)
  object space 260608K, 0% used [0x00000006c0000000,0x00000006c0182fb0,0x00000006cfe80000)
 Metaspace       used 4680K, capacity 5140K, committed 5248K, reserved 1056768K
  class space    used 557K, capacity 592K, committed 640K, reserved 1048576K
}

